<?xml version="1.0" encoding="UTF-8" ?>
<testsuite failures="0" time="0.618" errors="0" skipped="2" tests="3" name="org.FIware.cyber.d2d3.test.server.ImageTaggingTest">
  <properties>
[...]
</properties>
  <testcase time="0.206" classname="org.FIware.cyber.d2d3.test.server.ImageTaggingTest" name="TestServlet"/>
  <testcase time="0.206" classname="org.FIware.cyber.d2d3.test.server.ImageTaggingTest" name="testReadImage">
    <skipped/>
  </testcase>
  <testcase time="0.206" classname="org.FIware.cyber.d2d3.test.server.ImageTaggingTest" name="test">
    <skipped/>
  </testcase>
</testsuite>